-------------------------------------------------------------------------------------------------
SUMMARY
-------------------------------------------------------------------------------------------------

 corner|     min delay |  min reg2reg |    max delay |  max reg2reg |      max cap |     max slew
-------------------------------------------------------------------------------------------------
  s-max|           met |          met |   vio(-6.81) |   vio(-6.81) |          met |          met

violating reg2reg min reports


violating reg2reg max reports
 /home/hammond/Documents/vivado_projs/qtcore-C1/signoff/caravel/openlane-signoff/timing/s-max/mprj-max.rpt

--------------------------------------------------------------------------------------------
COMMAND
--------------------------------------------------------------------------------------------

exec> report_check_types \
        -max_slew \
        -max_capacitance \
        -format end \
        -violators
design: caravel
time: Sat Jun  3 12:03:15 UTC 2023

--------------------------------------------------------------------------------------------
REPORT
--------------------------------------------------------------------------------------------

