-------------------------------------------------------------------------------------------------
SUMMARY
-------------------------------------------------------------------------------------------------

 corner|     min delay |  min reg2reg |    max delay |  max reg2reg |      max cap |     max slew
-------------------------------------------------------------------------------------------------
  t-nom|           met |          met |  vio(-24.88) |  vio(-24.88) |          met |          met

violating reg2reg min reports


violating reg2reg max reports
 /home/hammond/Documents/vivado_projs/qtcore-C1/signoff/caravel/openlane-signoff/timing/t-nom/mprj-max.rpt

--------------------------------------------------------------------------------------------
COMMAND
--------------------------------------------------------------------------------------------

exec> report_check_types \
        -max_slew \
        -max_capacitance \
        -format end \
        -violators
design: caravel
time: Sat Jun  3 16:43:31 UTC 2023

--------------------------------------------------------------------------------------------
REPORT
--------------------------------------------------------------------------------------------

